[35m[Appium][39m Welcome to Appium v1.8.1
[35m[Appium][39m Non-default server args:
[35m[Appium][39m   port: 52616
[35m[Appium][39m   loglevel: info
[35m[Appium][39m   chromeDriverPort: 52617
[35m[Appium][39m   tmpDir: C:\Users\SAGARA~1\AppData\Local\Temp\\Katalon\Appium\Temp1589975975217
[35m[Appium][39m Appium REST http interface listener started on 0.0.0.0:52616
[35m[HTTP][39m [37m-->[39m [37mGET[39m [37m/wd/hub/status[39m
[35m[HTTP][39m [90m{}[39m
[35m[HTTP][39m [37m<-- GET /wd/hub/status [39m[32m200[39m [90m202 ms - 83[39m
[35m[HTTP][39m [90m[39m
[35m[HTTP][39m [37m-->[39m [37mGET[39m [37m/wd/hub/status[39m
[35m[HTTP][39m [90m{}[39m
[35m[HTTP][39m [37m<-- GET /wd/hub/status [39m[32m200[39m [90m137 ms - 83[39m
[35m[HTTP][39m [90m[39m
[35m[HTTP][39m [37m-->[39m [37mPOST[39m [37m/wd/hub/session[39m
[35m[HTTP][39m [90m{"desiredCapabilities":{"app":"D:\\Code\\MyBingoAutomation\\apk\\app-debug.apk","noReset":true,"deviceName":"samsung SM-J600G (Android 8.0.0)","fullReset":false,"platform":"ANDROID","newCommandTimeout":1800,"platformVersion":"8.0.0","automationName":"uiautomator2","autoGrantPermissions":true,"platformName":"Android","udid":"52000902eae8559d","systemPort":52624},"capabilities":{"firstMatch":[{"appium:app":"D:\\Code\\MyBingoAutomation\\apk\\app-debug.apk","appium:autoGrantPermissions":true,"appium:automationName":"uiautomator2","appium:deviceName":"samsung SM-J600G (Android 8.0.0)","appium:fullReset":false,"appium:newCommandTimeout":1800,"appium:noReset":true,"platform":"ANDROID","platformName":"android","appium:platformVersion":"8.0.0","appium:systemPort":52624,"appium:udid":"52000902eae8559d"}]}}[39m
[35m[BaseDriver][39m The capabilities ["platform"] are not standard capabilities and should have an extension prefix
[35m[Appium][39m Creating new AndroidUiautomator2Driver (v1.12.0) session
[35m[Appium][39m Capabilities:
[35m[Appium][39m   platform: ANDROID
[35m[Appium][39m   platformName: android
[35m[Appium][39m   app: D:\Code\MyBingoAutomation\apk\app-debug.apk
[35m[Appium][39m   autoGrantPermissions: true
[35m[Appium][39m   automationName: uiautomator2
[35m[Appium][39m   deviceName: samsung SM-J600G (Android 8.0.0)
[35m[Appium][39m   fullReset: false
[35m[Appium][39m   newCommandTimeout: 1800
[35m[Appium][39m   noReset: true
[35m[Appium][39m   platformVersion: 8.0.0
[35m[Appium][39m   systemPort: 52624
[35m[Appium][39m   udid: 52000902eae8559d
[35m[BaseDriver][39m The following capabilities were provided, but are not recognized by appium: platform.
[35m[BaseDriver][39m Session created with session id: 955da4b9-0005-413d-83d6-d3b7ccd2eef4
[35m[BaseDriver][39m Using local app 'D:\Code\MyBingoAutomation\apk\app-debug.apk'
[35m[AndroidDriver][39m Java version is: 1.8.0_181
[35m[ADB][39m Checking whether adb is present
[35m[ADB][39m Found 1 'build-tools' folders under 'C:\Users\sagararora\.katalon\tools\android_sdk' (newest first):
[35m[ADB][39m     C:/Users/sagararora/.katalon/tools/android_sdk/build-tools/29.0.2
[35m[ADB][39m Using adb.exe from C:\Users\sagararora\.katalon\tools\android_sdk\platform-tools\adb.exe
[35m[AndroidDriver][39m Retrieving device list
[35m[AndroidDriver][39m Using device: 52000902eae8559d
[35m[ADB][39m Using the alternative activity name detection method because of: Could not find apkanalyzer.bat in C:\Users\sagararora\.katalon\tools\android_sdk\platform-tools\apkanalyzer.bat,C:\Users\sagararora\.katalon\tools\android_sdk\emulator\apkanalyzer.bat,C:\Users\sagararora\.katalon\tools\android_sdk\tools\apkanalyzer.bat,C:\Users\sagararora\.katalon\tools\android_sdk\tools\bin\apkanalyzer.bat,C:\Users\sagararora\.katalon\tools\android_sdk\build-tools\29.0.2\apkanalyzer.bat. Do you have the Android SDK installed at 'C:\Users\sagararora\.katalon\tools\android_sdk'?
[35m[ADB][39m Checking whether aapt is present
[35m[ADB][39m Using aapt.exe from C:\Users\sagararora\.katalon\tools\android_sdk\build-tools\29.0.2\aapt.exe
[35m[ADB][39m Extracting package and launch activity from manifest
[35m[ADB][39m Package name: 'io.ionic.starter'
[35m[ADB][39m Main activity name: 'io.ionic.starter.MainActivity'
[35m[ADB][39m Getting device platform version
[35m[ADB][39m Using apksigner.bat from C:\Users\sagararora\.katalon\tools\android_sdk\build-tools\29.0.2\apksigner.bat
[35m[ADB][39m Checking whether zipalign is present
[35m[ADB][39m Using zipalign.exe from C:\Users\sagararora\.katalon\tools\android_sdk\build-tools\29.0.2\zipalign.exe
[35m[ADB][39m io.appium.uiautomator2.server was successfully uninstalled
[35m[ADB][39m io.appium.uiautomator2.server.test was successfully uninstalled
[35m[AndroidDriver][39m Failed to launch settings app: Cannot start the 'io.appium.settings' application. Original error: Error executing adbExec. Original error: 'Command 'C\:\\Users\\sagararora\\.katalon\\tools\\android_sdk\\platform-tools\\adb.exe -P 5037 -s 52000902eae8559d shell am start -W -n io.appium.settings/.Settings -a android.intent.action.MAIN -c android.intent.category.LAUNCHER -f 0x10200000' timed out after 20000ms'; Stderr: ''; Code: 'null'
[35m[AndroidDriver][39m setDeviceLanguageCountry requires language or country.
[35m[AndroidDriver][39m Got language: 'null' and country: 'null'
[35m[ADB][39m Successfully extracted 1 strings from 'D:\Code\MyBingoAutomation\apk\app-debug.apk' resources for '(default)' configuration
[35m[UiAutomator2][39m Starting uiautomator2 server 1.12.0
[35m[UiAutomator2][39m Using UIAutomator2 server from 'C:\Users\sagararora\AppData\Roaming\npm\node_modules\appium\node_modules\appium-uiautomator2-server\apks\appium-uiautomator2-server-v1.12.0.apk' and test from 'C:\Users\sagararora\AppData\Roaming\npm\node_modules\appium\node_modules\appium-uiautomator2-server\apks\appium-uiautomator2-server-debug-androidTest.apk'
[35m[UiAutomator2][39m Running command: 'adb -s 52000902eae8559d shell am instrument -w io.appium.uiautomator2.server.test/android.support.test.runner.AndroidJUnitRunner'
[35m[UiAutomator2][39m Waiting up to 20000ms for UiAutomator2 to be online...
[35m[AndroidDriver][39m Using app unlock, this is going to be deprecated!
[35m[AndroidDriver][39m Unlocking screen
[35m[AndroidDriver][39m Launching io.appium.unlock
[35m[UiAutomator2][39m UiAutomator2 did not start the activity we were waiting for, 'io.ionic.starter/io.ionic.starter.MainActivity'. Starting it ourselves
[35m[Appium][39m New AndroidUiautomator2Driver session created successfully, session 955da4b9-0005-413d-83d6-d3b7ccd2eef4 added to master session list
[35m[HTTP][39m [37m<-- POST /wd/hub/session [39m[32m200[39m [90m74529 ms - 1219[39m
[35m[HTTP][39m [90m[39m
[35m[HTTP][39m [37m-->[39m [37mGET[39m [37m/wd/hub/session/955da4b9-0005-413d-83d6-d3b7ccd2eef4[39m
[35m[HTTP][39m [90m{}[39m
[35m[HTTP][39m [37m<-- GET /wd/hub/session/955da4b9-0005-413d-83d6-d3b7ccd2eef4 [39m[32m200[39m [90m49 ms - 1151[39m
[35m[HTTP][39m [90m[39m
[35m[HTTP][39m [37m-->[39m [37mGET[39m [37m/wd/hub/session/955da4b9-0005-413d-83d6-d3b7ccd2eef4[39m
[35m[HTTP][39m [90m{}[39m
[35m[HTTP][39m [37m<-- GET /wd/hub/session/955da4b9-0005-413d-83d6-d3b7ccd2eef4 [39m[32m200[39m [90m37 ms - 1151[39m
[35m[HTTP][39m [90m[39m
[35m[HTTP][39m [37m-->[39m [37mGET[39m [37m/wd/hub/status[39m
[35m[HTTP][39m [90m{}[39m
[35m[HTTP][39m [37m<-- GET /wd/hub/status [39m[32m200[39m [90m154 ms - 55[39m
[35m[HTTP][39m [90m[39m
[35m[HTTP][39m [37m-->[39m [37mPOST[39m [37m/wd/hub/session/955da4b9-0005-413d-83d6-d3b7ccd2eef4/timeouts[39m
[35m[HTTP][39m [90m{"implicit":60000}[39m
[35m[HTTP][39m [37m<-- POST /wd/hub/session/955da4b9-0005-413d-83d6-d3b7ccd2eef4/timeouts [39m[32m200[39m [90m8 ms - 14[39m
[35m[HTTP][39m [90m[39m
[35m[HTTP][39m [37m-->[39m [37mGET[39m [37m/wd/hub/session/955da4b9-0005-413d-83d6-d3b7ccd2eef4/source[39m
[35m[HTTP][39m [90m{}[39m
[35m[W3C][39m Driver proxy active, passing request on via HTTP proxy
[35m[JSONWP Proxy][39m Replacing sessionId 0fb01dd9-7b8a-46f9-a822-af5d997aa2ee with 955da4b9-0005-413d-83d6-d3b7ccd2eef4
[35m[HTTP][39m [37m<-- GET /wd/hub/session/955da4b9-0005-413d-83d6-d3b7ccd2eef4/source [39m[32m200[39m [90m431 ms - 2259[39m
[35m[HTTP][39m [90m[39m
[35m[HTTP][39m [37m-->[39m [37mGET[39m [37m/wd/hub/session/955da4b9-0005-413d-83d6-d3b7ccd2eef4/screenshot[39m
[35m[HTTP][39m [90m{}[39m
[35m[HTTP][39m [37m<-- GET /wd/hub/session/955da4b9-0005-413d-83d6-d3b7ccd2eef4/screenshot [39m[32m200[39m [90m531 ms - 80738[39m
[35m[HTTP][39m [90m[39m
[35m[HTTP][39m [37m-->[39m [37mGET[39m [37m/wd/hub/session/955da4b9-0005-413d-83d6-d3b7ccd2eef4/source[39m
[35m[HTTP][39m [90m{}[39m
[35m[W3C][39m Driver proxy active, passing request on via HTTP proxy
[35m[JSONWP Proxy][39m Replacing sessionId 0fb01dd9-7b8a-46f9-a822-af5d997aa2ee with 955da4b9-0005-413d-83d6-d3b7ccd2eef4
[35m[HTTP][39m [37m<-- GET /wd/hub/session/955da4b9-0005-413d-83d6-d3b7ccd2eef4/source [39m[32m200[39m [90m609 ms - 16804[39m
[35m[HTTP][39m [90m[39m
[35m[HTTP][39m [37m-->[39m [37mGET[39m [37m/wd/hub/session/955da4b9-0005-413d-83d6-d3b7ccd2eef4/screenshot[39m
[35m[HTTP][39m [90m{}[39m
[35m[HTTP][39m [37m<-- GET /wd/hub/session/955da4b9-0005-413d-83d6-d3b7ccd2eef4/screenshot [39m[32m200[39m [90m1225 ms - 523064[39m
[35m[HTTP][39m [90m[39m
[35m[BaseDriver][39m Shutting down because we waited 1800 seconds for a command
[35m[Appium][39m Closing session, cause was 'New Command Timeout of 1800 seconds expired. Try customizing the timeout using the 'newCommandTimeout' desired capability'
[35m[Appium][39m Removing session 955da4b9-0005-413d-83d6-d3b7ccd2eef4 from our master session list
